============================= test session starts ==============================
platform linux -- Python 3.11.15, pytest-8.4.2, pluggy-1.6.0 -- /opt/hostedtoolcache/Python/3.11.15/x64/bin/python
cachedir: .pytest_cache
PySide6 6.11.1 -- Qt runtime 6.11.1 -- Qt compiled 6.11.1
rootdir: /home/runner/work/Computational_Biomedicine_Study_Hub/Computational_Biomedicine_Study_Hub
configfile: pyproject.toml
testpaths: tests
plugins: qt-4.5.0
collecting ... collected 34 items / 1 error

==================================== ERRORS ====================================
__________________ ERROR collecting tests/test_application.py __________________
ImportError while importing test module '/home/runner/work/Computational_Biomedicine_Study_Hub/Computational_Biomedicine_Study_Hub/tests/test_application.py'.
Hint: make sure your test modules/packages have valid Python names.
Traceback:
/opt/hostedtoolcache/Python/3.11.15/x64/lib/python3.11/site-packages/_pytest/python.py:498: in importtestmodule
    mod = import_path(
/opt/hostedtoolcache/Python/3.11.15/x64/lib/python3.11/site-packages/_pytest/pathlib.py:587: in import_path
    importlib.import_module(module_name)
/opt/hostedtoolcache/Python/3.11.15/x64/lib/python3.11/importlib/__init__.py:126: in import_module
    return _bootstrap._gcd_import(name[level:], package, level)
           ^^^^^^^^^^^^^^^^^^^^^^^^^^^^^^^^^^^^^^^^^^^^^^^^^^^^
<frozen importlib._bootstrap>:1204: in _gcd_import
    ???
<frozen importlib._bootstrap>:1176: in _find_and_load
    ???
<frozen importlib._bootstrap>:1147: in _find_and_load_unlocked
    ???
<frozen importlib._bootstrap>:690: in _load_unlocked
    ???
/opt/hostedtoolcache/Python/3.11.15/x64/lib/python3.11/site-packages/_pytest/assertion/rewrite.py:186: in exec_module
    exec(co, module.__dict__)
tests/test_application.py:6: in <module>
    from computational_biomedicine_study_hub.application import create_application
src/computational_biomedicine_study_hub/application.py:10: in <module>
    from .ui.main_window import MainWindow
src/computational_biomedicine_study_hub/ui/main_window.py:15: in <module>
    from ..courses import COURSES, CourseRegistration
src/computational_biomedicine_study_hub/courses/__init__.py:5: in <module>
    from .catalog import COURSES, courses_for_semester
src/computational_biomedicine_study_hub/courses/catalog.py:10: in <module>
    from .dm857 import COURSE as DM857
src/computational_biomedicine_study_hub/courses/dm857.py:7: in <module>
    from ..content.dm857 import MODULE_01_FOUNDATIONS, OBJECTIVE_QUESTION_BANK
src/computational_biomedicine_study_hub/content/__init__.py:5: in <module>
    from .models import (
src/computational_biomedicine_study_hub/content/models.py:11: in <module>
    from ..learning.activity_types import ActivityType
src/computational_biomedicine_study_hub/learning/__init__.py:4: in <module>
    from .objective_assessment import (
src/computational_biomedicine_study_hub/learning/objective_assessment.py:9: in <module>
    from ..content.models import AssessmentItem
E   ImportError: cannot import name 'AssessmentItem' from partially initialized module 'computational_biomedicine_study_hub.content.models' (most likely due to a circular import) (/home/runner/work/Computational_Biomedicine_Study_Hub/Computational_Biomedicine_Study_Hub/src/computational_biomedicine_study_hub/content/models.py)
=========================== short test summary info ============================
ERROR tests/test_application.py
!!!!!!!!!!!!!!!!!!!! Interrupted: 1 error during collection !!!!!!!!!!!!!!!!!!!!
=============================== 1 error in 1.36s ===============================
